This is pdfTeX, Version 3.141592653-2.6-1.40.24 (TeX Live 2022) (preloaded format=pdflatex 2022.4.25)  5 APR 2026 21:39
entering extended mode
 restricted \write18 enabled.
 %&-line parsing enabled.
**/Users/alark/Documents/research/literacy/scivis-vlat/SciVLAT/images/question-
bank.tex

(/Users/alark/Documents/research/literacy/scivis-vlat/SciVLAT/images/question-b
ank.tex
LaTeX2e <2021-11-15> patch level 1
L3 programming layer <2022-02-24> (/usr/local/texlive/2022/texmf-dist/tex/latex
/base/article.cls
Document Class: article 2021/10/04 v1.4n Standard LaTeX document class
(/usr/local/texlive/2022/texmf-dist/tex/latex/base/size12.clo
File: size12.clo 2021/10/04 v1.4n Standard LaTeX file (size option)
)
\c@part=\count185
\c@section=\count186
\c@subsection=\count187
\c@subsubsection=\count188
\c@paragraph=\count189
\c@subparagraph=\count190
\c@figure=\count191
\c@table=\count192
\abovecaptionskip=\skip47
\belowcaptionskip=\skip48
\bibindent=\dimen138
) (/usr/local/texlive/2022/texmf-dist/tex/latex/geometry/geometry.sty
Package: geometry 2020/01/02 v5.9 Page Geometry
(/usr/local/texlive/2022/texmf-dist/tex/latex/graphics/keyval.sty
Package: keyval 2014/10/28 v1.15 key=value parser (DPC)
\KV@toks@=\toks16
) (/usr/local/texlive/2022/texmf-dist/tex/generic/iftex/ifvtex.sty
Package: ifvtex 2019/10/25 v1.7 ifvtex legacy package. Use iftex instead.
(/usr/local/texlive/2022/texmf-dist/tex/generic/iftex/iftex.sty
Package: iftex 2022/02/03 v1.0f TeX engine tests
))
\Gm@cnth=\count193
\Gm@cntv=\count194
\c@Gm@tempcnt=\count195
\Gm@bindingoffset=\dimen139
\Gm@wd@mp=\dimen140
\Gm@odd@mp=\dimen141
\Gm@even@mp=\dimen142
\Gm@layoutwidth=\dimen143
\Gm@layoutheight=\dimen144
\Gm@layouthoffset=\dimen145
\Gm@layoutvoffset=\dimen146
\Gm@dimlist=\toks17
) (/usr/local/texlive/2022/texmf-dist/tex/latex/booktabs/booktabs.sty
Package: booktabs 2020/01/12 v1.61803398 Publication quality tables
\heavyrulewidth=\dimen147
\lightrulewidth=\dimen148
\cmidrulewidth=\dimen149
\belowrulesep=\dimen150
\belowbottomsep=\dimen151
\aboverulesep=\dimen152
\abovetopsep=\dimen153
\cmidrulesep=\dimen154
\cmidrulekern=\dimen155
\defaultaddspace=\dimen156
\@cmidla=\count196
\@cmidlb=\count197
\@aboverulesep=\dimen157
\@belowrulesep=\dimen158
\@thisruleclass=\count198
\@lastruleclass=\count199
\@thisrulewidth=\dimen159
) (/usr/local/texlive/2022/texmf-dist/tex/latex/tools/longtable.sty
Package: longtable 2021-09-01 v4.17 Multi-page Table package (DPC)
\LTleft=\skip49
\LTright=\skip50
\LTpre=\skip51
\LTpost=\skip52
\LTchunksize=\count266
\LTcapwidth=\dimen160
\LT@head=\box50
\LT@firsthead=\box51
\LT@foot=\box52
\LT@lastfoot=\box53
\LT@gbox=\box54
\LT@cols=\count267
\LT@rows=\count268
\c@LT@tables=\count269
\c@LT@chunks=\count270
\LT@p@ftn=\toks18
) (/usr/local/texlive/2022/texmf-dist/tex/latex/tools/array.sty
Package: array 2021/10/04 v2.5f Tabular extension package (FMi)
\col@sep=\dimen161
\ar@mcellbox=\box55
\extrarowheight=\dimen162
\NC@list=\toks19
\extratabsurround=\skip53
\backup@length=\skip54
\ar@cellbox=\box56
) (/usr/local/texlive/2022/texmf-dist/tex/latex/graphics/graphicx.sty
Package: graphicx 2021/09/16 v1.2d Enhanced LaTeX Graphics (DPC,SPQR)
(/usr/local/texlive/2022/texmf-dist/tex/latex/graphics/graphics.sty
Package: graphics 2021/03/04 v1.4d Standard LaTeX Graphics (DPC,SPQR)
(/usr/local/texlive/2022/texmf-dist/tex/latex/graphics/trig.sty
Package: trig 2021/08/11 v1.11 sin cos tan (DPC)
) (/usr/local/texlive/2022/texmf-dist/tex/latex/graphics-cfg/graphics.cfg
File: graphics.cfg 2016/06/04 v1.11 sample graphics configuration
)
Package graphics Info: Driver file: pdftex.def on input line 107.
(/usr/local/texlive/2022/texmf-dist/tex/latex/graphics-def/pdftex.def
File: pdftex.def 2020/10/05 v1.2a Graphics/color driver for pdftex
))
\Gin@req@height=\dimen163
\Gin@req@width=\dimen164
) (/usr/local/texlive/2022/texmf-dist/tex/latex/enumitem/enumitem.sty
Package: enumitem 2019/06/20 v3.9 Customized lists
\labelindent=\skip55
\enit@outerparindent=\dimen165
\enit@toks=\toks20
\enit@inbox=\box57
\enit@count@id=\count271
\enitdp@description=\count272
)
\c@qnum=\count273
\qcol=\skip56
(/usr/local/texlive/2022/texmf-dist/tex/latex/l3backend/l3backend-pdftex.def
File: l3backend-pdftex.def 2022-02-07 L3 backend support: PDF output (pdfTeX)
\l__color_backend_stack_int=\count274
\l__pdf_internal_box=\box58
) (./question-bank.aux)
\openout1 = `question-bank.aux'.

LaTeX Font Info:    Checking defaults for OML/cmm/m/it on input line 24.
LaTeX Font Info:    ... okay on input line 24.
LaTeX Font Info:    Checking defaults for OMS/cmsy/m/n on input line 24.
LaTeX Font Info:    ... okay on input line 24.
LaTeX Font Info:    Checking defaults for OT1/cmr/m/n on input line 24.
LaTeX Font Info:    ... okay on input line 24.
LaTeX Font Info:    Checking defaults for T1/cmr/m/n on input line 24.
LaTeX Font Info:    ... okay on input line 24.
LaTeX Font Info:    Checking defaults for TS1/cmr/m/n on input line 24.
LaTeX Font Info:    ... okay on input line 24.
LaTeX Font Info:    Checking defaults for OMX/cmex/m/n on input line 24.
LaTeX Font Info:    ... okay on input line 24.
LaTeX Font Info:    Checking defaults for U/cmr/m/n on input line 24.
LaTeX Font Info:    ... okay on input line 24.
*geometry* driver: auto-detecting
*geometry* detected driver: pdftex
*geometry* verbose mode - [ preamble ] result:
* driver: pdftex
* paper: <default>
* layout: <same size as paper>
* layoutoffset:(h,v)=(0.0pt,0.0pt)
* modes: landscape 
* h-part:(L,W,R)=(54.2025pt, 686.56499pt, 54.2025pt)
* v-part:(T,H,B)=(54.2025pt, 505.89pt, 54.2025pt)
* \paperwidth=794.96999pt
* \paperheight=614.295pt
* \textwidth=686.56499pt
* \textheight=505.89pt
* \oddsidemargin=-18.06749pt
* \evensidemargin=-18.06749pt
* \topmargin=-55.06749pt
* \headheight=12.0pt
* \headsep=25.0pt
* \topskip=12.0pt
* \footskip=30.0pt
* \marginparwidth=44.0pt
* \marginparsep=10.0pt
* \columnsep=10.0pt
* \skip\footins=10.8pt plus 4.0pt minus 2.0pt
* \hoffset=0.0pt
* \voffset=0.0pt
* \mag=1000
* \@twocolumnfalse
* \@twosidefalse
* \@mparswitchfalse
* \@reversemarginfalse
* (1in=72.27pt=25.4mm, 1cm=28.453pt)

(/usr/local/texlive/2022/texmf-dist/tex/context/base/mkii/supp-pdf.mkii
[Loading MPS to PDF converter (version 2006.09.02).]
\scratchcounter=\count275
\scratchdimen=\dimen166
\scratchbox=\box59
\nofMPsegments=\count276
\nofMParguments=\count277
\everyMPshowfont=\toks21
\MPscratchCnt=\count278
\MPscratchDim=\dimen167
\MPnumerator=\count279
\makeMPintoPDFobject=\count280
\everyMPtoPDFconversion=\toks22
) (/usr/local/texlive/2022/texmf-dist/tex/latex/epstopdf-pkg/epstopdf-base.sty
Package: epstopdf-base 2020-01-24 v2.11 Base part for package epstopdf
Package epstopdf-base Info: Redefining graphics rule for `.eps' on input line 4
85.
(/usr/local/texlive/2022/texmf-dist/tex/latex/latexconfig/epstopdf-sys.cfg
File: epstopdf-sys.cfg 2010/07/13 v1.3 Configuration of (r)epstopdf for TeX Liv
e
))
Overfull \hbox (9.69447pt too wide) in paragraph at lines 32--32
 []|\OT1/cmr/bx/n/12 Question 
 []


Overfull \hbox (9.69447pt too wide) in paragraph at lines 38--38
 []|\OT1/cmr/bx/n/12 Question 
 []

<color-mapping/colormapping-surface-wallFilm.png, id=1, 510.90875pt x 511.9125p
t>
File: color-mapping/colormapping-surface-wallFilm.png Graphic file (type png)
<use color-mapping/colormapping-surface-wallFilm.png>
Package pdftex.def Info: color-mapping/colormapping-surface-wallFilm.png  used 
on input line 52.
(pdftex.def)             Requested size: 127.78143pt x 128.03249pt.
<color-mapping/color-map-remove-legend.png, id=2, 1160.83687pt x 370.88562pt>
File: color-mapping/color-map-remove-legend.png Graphic file (type png)
<use color-mapping/color-map-remove-legend.png>
Package pdftex.def Info: color-mapping/color-map-remove-legend.png  used on inp
ut line 62.
(pdftex.def)             Requested size: 184.94061pt x 59.08824pt.
<vector-glyphs/2D/glyph-2D-ring.png, id=4, 724.7075pt x 669.50125pt>
File: vector-glyphs/2D/glyph-2D-ring.png Graphic file (type png)
<use vector-glyphs/2D/glyph-2D-ring.png>
Package pdftex.def Info: vector-glyphs/2D/glyph-2D-ring.png  used on input line
 73.
(pdftex.def)             Requested size: 153.99554pt x 142.26457pt.
<vector-glyphs/surface/glyph-surface-intake-resampled.png, id=5, 1009.7725pt x 
742.775pt>
File: vector-glyphs/surface/glyph-surface-intake-resampled.png Graphic file (ty
pe png)
<use vector-glyphs/surface/glyph-surface-intake-resampled.png>
Package pdftex.def Info: vector-glyphs/surface/glyph-surface-intake-resampled.p
ng  used on input line 84.
(pdftex.def)             Requested size: 154.71039pt x 113.80287pt.
<vector-glyphs/3D/glyphs-3D-slice.png, id=6, 511.9125pt x 512.91624pt>
File: vector-glyphs/3D/glyphs-3D-slice.png Graphic file (type png)
<use vector-glyphs/3D/glyphs-3D-slice.png>
Package pdftex.def Info: vector-glyphs/3D/glyphs-3D-slice.png  used on input li
ne 97.
(pdftex.def)             Requested size: 113.58186pt x 113.80457pt.
<vector-glyphs/3D/glyph-3D-resampled.png, id=7, 643.40375pt x 494.84875pt>
File: vector-glyphs/3D/glyph-3D-resampled.png Graphic file (type png)
<use vector-glyphs/3D/glyph-3D-resampled.png>
Package pdftex.def Info: vector-glyphs/3D/glyph-3D-resampled.png  used on input
 line 109.
(pdftex.def)             Requested size: 147.96992pt x 113.80527pt.
<vector-streamlines/2D/streamlines.png, id=8, 262.9825pt x 264.99pt>
File: vector-streamlines/2D/streamlines.png Graphic file (type png)
<use vector-streamlines/2D/streamlines.png>
Package pdftex.def Info: vector-streamlines/2D/streamlines.png  used on input l
ine 123.
(pdftex.def)             Requested size: 112.94783pt x 113.81004pt.
<vector-streamlines/3D/streamlines-3D-intakePort.png, id=9, 341.275pt x 510.908
75pt>
File: vector-streamlines/3D/streamlines-3D-intakePort.png Graphic file (type pn
g)
<use vector-streamlines/3D/streamlines-3D-intakePort.png>
Package pdftex.def Info: vector-streamlines/3D/streamlines-3D-intakePort.png  u
sed on input line 134.
(pdftex.def)             Requested size: 76.01807pt x 113.80351pt.
<vector-streamlines/3D/streamlines-3D-swirl.png, id=10, 306.14375pt x 735.74875
pt>
File: vector-streamlines/3D/streamlines-3D-swirl.png Graphic file (type png)
<use vector-streamlines/3D/streamlines-3D-swirl.png>
Package pdftex.def Info: vector-streamlines/3D/streamlines-3D-swirl.png  used o
n input line 146.
(pdftex.def)             Requested size: 47.35368pt x 113.80411pt.
<vector-streamlines/2D/hurricane38.png, id=11, 597.23125pt x 592.2125pt>
File: vector-streamlines/2D/hurricane38.png Graphic file (type png)
<use vector-streamlines/2D/hurricane38.png>
Package pdftex.def Info: vector-streamlines/2D/hurricane38.png  used on input l
ine 158.
(pdftex.def)             Requested size: 114.76915pt x 113.8047pt.
<vector-texture-based/2D/texture-2D-gulf-2.png, id=12, 529.98pt x 481.8pt>
File: vector-texture-based/2D/texture-2D-gulf-2.png Graphic file (type png)
<use vector-texture-based/2D/texture-2D-gulf-2.png>
Package pdftex.def Info: vector-texture-based/2D/texture-2D-gulf-2.png  used on
 input line 170.
(pdftex.def)             Requested size: 125.19225pt x 113.81114pt.
<vector-texture-based/surface/texture-surface-intake.png, id=13, 484.81125pt x 
512.91624pt>
File: vector-texture-based/surface/texture-surface-intake.png Graphic file (typ
e png)
<use vector-texture-based/surface/texture-surface-intake.png>
Package pdftex.def Info: vector-texture-based/surface/texture-surface-intake.pn
g  used on input line 181.
(pdftex.def)             Requested size: 107.56871pt x 113.80457pt.
<vector-texture-based/3D/texture-3D-wheel.png, id=14, 578.16pt x 582.175pt>
File: vector-texture-based/3D/texture-3D-wheel.png Graphic file (type png)
<use vector-texture-based/3D/texture-3D-wheel.png>
Package pdftex.def Info: vector-texture-based/3D/texture-3D-wheel.png  used on 
input line 193.
(pdftex.def)             Requested size: 113.01863pt x 113.80348pt.
<vector-texture-based/surface/bmw.jpg, id=15, 935.1738pt x 682.2288pt>
File: vector-texture-based/surface/bmw.jpg Graphic file (type jpg)
<use vector-texture-based/surface/bmw.jpg>
Package pdftex.def Info: vector-texture-based/surface/bmw.jpg  used on input li
ne 205.
(pdftex.def)             Requested size: 155.9951pt x 113.80167pt.
<tensor/superquadrics.png, id=16, 565.11125pt x 565.11125pt>
File: tensor/superquadrics.png Graphic file (type png)
<use tensor/superquadrics.png>
Package pdftex.def Info: tensor/superquadrics.png  used on input line 217.
(pdftex.def)             Requested size: 113.80492pt x 113.80492pt.
<tensor/superquadrics-tensor.png, id=17, 359.3425pt x 330.23375pt>
File: tensor/superquadrics-tensor.png Graphic file (type png)
<use tensor/superquadrics-tensor.png>
Package pdftex.def Info: tensor/superquadrics-tensor.png  used on input line 23
7.
(pdftex.def)             Requested size: 123.84169pt x 113.80981pt.
<tensor/ellipsoid.png, id=18, 483.8075pt x 485.815pt>
File: tensor/ellipsoid.png Graphic file (type png)
<use tensor/ellipsoid.png>
Package pdftex.def Info: tensor/ellipsoid.png  used on input line 247.
(pdftex.def)             Requested size: 113.34042pt x 113.81071pt.
<scalar-isolines-isocontours/basic-contouring.png, id=19, 410.53375pt x 393.47p
t>
File: scalar-isolines-isocontours/basic-contouring.png Graphic file (type png)
<use scalar-isolines-isocontours/basic-contouring.png>
Package pdftex.def Info: scalar-isolines-isocontours/basic-contouring.png  used
 on input line 257.
(pdftex.def)             Requested size: 118.74478pt x 113.80917pt.
<scalar-isolines-isocontours/Contours-of-a-temperature-map.png, id=20, 353.32pt
 x 315.1775pt>
File: scalar-isolines-isocontours/Contours-of-a-temperature-map.png Graphic fil
e (type png)
<use scalar-isolines-isocontours/Contours-of-a-temperature-map.png>
Package pdftex.def Info: scalar-isolines-isocontours/Contours-of-a-temperature-
map.png  used on input line 268.
(pdftex.def)             Requested size: 127.58327pt x 113.81007pt.
<scalar-isolines-isocontours/isocontours.jpg, id=21, 1576.89125pt x 923.45pt>
File: scalar-isolines-isocontours/isocontours.jpg Graphic file (type jpg)
<use scalar-isolines-isocontours/isocontours.jpg>
Package pdftex.def Info: scalar-isolines-isocontours/isocontours.jpg  used on i
nput line 279.
(pdftex.def)             Requested size: 184.93585pt x 108.30107pt.
<scalar-isosurface-rendering/isosurface5-vtkbook.png, id=22, 571.13374pt x 431.
6125pt>
File: scalar-isosurface-rendering/isosurface5-vtkbook.png Graphic file (type pn
g)
<use scalar-isosurface-rendering/isosurface5-vtkbook.png>
Package pdftex.def Info: scalar-isosurface-rendering/isosurface5-vtkbook.png  u
sed on input line 291.
(pdftex.def)             Requested size: 150.60025pt x 113.81038pt.
<scalar-isosurface-rendering/lobster.png, id=23, 493.845pt x 574.145pt>
File: scalar-isosurface-rendering/lobster.png Graphic file (type png)
<use scalar-isosurface-rendering/lobster.png>
Package pdftex.def Info: scalar-isosurface-rendering/lobster.png  used on input
 line 303.
(pdftex.def)             Requested size: 97.89313pt x 113.81071pt.
<scalar-isosurface-rendering/isosurface3-vtkbook.png, id=24, 335.2525pt x 378.4
1376pt>
File: scalar-isosurface-rendering/isosurface3-vtkbook.png Graphic file (type pn
g)
<use scalar-isosurface-rendering/isosurface3-vtkbook.png>
Package pdftex.def Info: scalar-isosurface-rendering/isosurface3-vtkbook.png  u
sed on input line 314.
(pdftex.def)             Requested size: 100.82718pt x 113.80792pt.
<scalar-volume-rendering/volumeRendering-surface-handbook.jpg, id=25, 204.984pt
 x 208.926pt>
File: scalar-volume-rendering/volumeRendering-surface-handbook.jpg Graphic file
 (type jpg)
<use scalar-volume-rendering/volumeRendering-surface-handbook.jpg>
Package pdftex.def Info: scalar-volume-rendering/volumeRendering-surface-handbo
ok.jpg  used on input line 325.
(pdftex.def)             Requested size: 111.66245pt x 113.8098pt.
<scalar-volume-rendering/texture-based-volren.png, id=26, 244.915pt x 258.9675p
t>
File: scalar-volume-rendering/texture-based-volren.png Graphic file (type png)
<use scalar-volume-rendering/texture-based-volren.png>
Package pdftex.def Info: scalar-volume-rendering/texture-based-volren.png  used
 on input line 335.
(pdftex.def)             Requested size: 107.63586pt x 113.81169pt.
<scalar-volume-rendering/occlusion-vr.jpg, id=27, 330.23375pt x 598.235pt>
File: scalar-volume-rendering/occlusion-vr.jpg Graphic file (type jpg)
<use scalar-volume-rendering/occlusion-vr.jpg>
Package pdftex.def Info: scalar-volume-rendering/occlusion-vr.jpg  used on inpu
t line 346.
(pdftex.def)             Requested size: 62.82568pt x 113.81187pt.
<scalar-slicing-cutting/colormapping-2D-wallFilm.png, id=28, 511.9125pt x 510.9
0875pt>
File: scalar-slicing-cutting/colormapping-2D-wallFilm.png Graphic file (type pn
g)
<use scalar-slicing-cutting/colormapping-2D-wallFilm.png>
Package pdftex.def Info: scalar-slicing-cutting/colormapping-2D-wallFilm.png  u
sed on input line 357.
(pdftex.def)             Requested size: 114.0271pt x 113.80351pt.
<scalar-slicing-cutting/colormapping-2D-slice.png, id=29, 512.91624pt x 512.916
24pt>
File: scalar-slicing-cutting/colormapping-2D-slice.png Graphic file (type png)
<use scalar-slicing-cutting/colormapping-2D-slice.png>
Package pdftex.def Info: scalar-slicing-cutting/colormapping-2D-slice.png  used
 on input line 368.
(pdftex.def)             Requested size: 113.80457pt x 113.80457pt.
<scalar-slicing-cutting/isosurfaces+slice.jpg, id=30, 248.76094pt x 258.9675pt>

File: scalar-slicing-cutting/isosurfaces+slice.jpg Graphic file (type jpg)
<use scalar-slicing-cutting/isosurfaces+slice.jpg>
Package pdftex.def Info: scalar-slicing-cutting/isosurfaces+slice.jpg  used on 
input line 380.
(pdftex.def)             Requested size: 109.32608pt x 113.81169pt.
<grid-regular/2D/rectilinear.png, id=31, 153.07187pt x 154.5775pt>
File: grid-regular/2D/rectilinear.png Graphic file (type png)
<use grid-regular/2D/rectilinear.png>
Package pdftex.def Info: grid-regular/2D/rectilinear.png  used on input line 39
2.
(pdftex.def)             Requested size: 112.70616pt x 113.81474pt.
<grid-regular/2D/anisotropic-rectilinear.png, id=32, 153.07187pt x 154.5775pt>
File: grid-regular/2D/anisotropic-rectilinear.png Graphic file (type png)
<use grid-regular/2D/anisotropic-rectilinear.png>
Package pdftex.def Info: grid-regular/2D/anisotropic-rectilinear.png  used on i
nput line 402.
(pdftex.def)             Requested size: 112.70616pt x 113.81474pt.
<grid-regular/2D/rect-image.png, id=33, 198.7425pt x 199.74625pt>
File: grid-regular/2D/rect-image.png Graphic file (type png)
<use grid-regular/2D/rect-image.png>
Package pdftex.def Info: grid-regular/2D/rect-image.png  used on input line 412
.
(pdftex.def)             Requested size: 113.2389pt x 113.81082pt.
<grid-regular/2D/structured-circle.png, id=34, 279.29344pt x 279.29344pt>
File: grid-regular/2D/structured-circle.png Graphic file (type png)
<use grid-regular/2D/structured-circle.png>
Package pdftex.def Info: grid-regular/2D/structured-circle.png  used on input l
ine 422.
(pdftex.def)             Requested size: 113.81213pt x 113.81213pt.
<grid-curvilinear/2D/curvilinear.png, id=35, 151.56625pt x 159.09438pt>
File: grid-curvilinear/2D/curvilinear.png Graphic file (type png)
<use grid-curvilinear/2D/curvilinear.png>
Package pdftex.def Info: grid-curvilinear/2D/curvilinear.png  used on input lin
e 434.
(pdftex.def)             Requested size: 108.42455pt x 113.80986pt.
<grid-curvilinear/3D/curvilinear.png, id=36, 125.71968pt x 126.4725pt>
File: grid-curvilinear/3D/curvilinear.png Graphic file (type png)
<use grid-curvilinear/3D/curvilinear.png>
Package pdftex.def Info: grid-curvilinear/3D/curvilinear.png  used on input lin
e 444.
(pdftex.def)             Requested size: 113.13513pt x 113.8126pt.
<grid-unstructured/2D/unstructured.png, id=37, 179.16937pt x 167.62625pt>
File: grid-unstructured/2D/unstructured.png Graphic file (type png)
<use grid-unstructured/2D/unstructured.png>
Package pdftex.def Info: grid-unstructured/2D/unstructured.png  used on input l
ine 454.
(pdftex.def)             Requested size: 121.64764pt x 113.8104pt.
<grid-curvilinear/3D/mesh-surface-unstructured-smaller.png, id=38, 415.5525pt x
 300.12125pt>
File: grid-curvilinear/3D/mesh-surface-unstructured-smaller.png Graphic file (t
ype png)
<use grid-curvilinear/3D/mesh-surface-unstructured-smaller.png>
Package pdftex.def Info: grid-curvilinear/3D/mesh-surface-unstructured-smaller.
png  used on input line 464.
(pdftex.def)             Requested size: 157.58186pt x 113.80913pt.
<medical/3D/a_depth.png, id=39, 366.36874pt x 404.51125pt>
File: medical/3D/a_depth.png Graphic file (type png)
<use medical/3D/a_depth.png>
Package pdftex.def Info: medical/3D/a_depth.png  used on input line 474.
(pdftex.def)             Requested size: 103.0745pt x 113.80554pt.
<medical/surface/application-medical-wrist-surface-mip.png, id=40, 468.75125pt 
x 458.71375pt>
File: medical/surface/application-medical-wrist-surface-mip.png Graphic file (t
ype png)
<use medical/surface/application-medical-wrist-surface-mip.png>
Package pdftex.def Info: medical/surface/application-medical-wrist-surface-mip.
png  used on input line 485.
(pdftex.def)             Requested size: 116.3006pt x 113.81023pt.
<medical/3D/3D_ColorMapping.png, id=41, 665.48625pt x 350.30875pt>
File: medical/3D/3D_ColorMapping.png Graphic file (type png)
<use medical/3D/3D_ColorMapping.png>
Package pdftex.def Info: medical/3D/3D_ColorMapping.png  used on input line 495
.
(pdftex.def)             Requested size: 184.93355pt x 97.34813pt.
<medical/3D/application-medical-wrist-3D-xray.png, id=42, 435.6275pt x 452.6912
5pt>
File: medical/3D/application-medical-wrist-3D-xray.png Graphic file (type png)
<use medical/3D/application-medical-wrist-3D-xray.png>
Package pdftex.def Info: medical/3D/application-medical-wrist-3D-xray.png  used
 on input line 506.
(pdftex.def)             Requested size: 109.51814pt x 113.80801pt.
<medical/3D/hadwiger-007.png, id=43, 513.92pt x 513.92pt>
File: medical/3D/hadwiger-007.png Graphic file (type png)
<use medical/3D/hadwiger-007.png>
Package pdftex.def Info: medical/3D/hadwiger-007.png  used on input line 517.
(pdftex.def)             Requested size: 113.80771pt x 113.80771pt.
<medical/3D/application-medical-heart.png, id=44, 480.79625pt x 570.13pt>
File: medical/3D/application-medical-heart.png Graphic file (type png)
<use medical/3D/application-medical-heart.png>
Package pdftex.def Info: medical/3D/application-medical-heart.png  used on inpu
t line 528.
(pdftex.def)             Requested size: 95.97412pt x 113.80649pt.
<engineering/surface/coolingjacket-surface-colorMapping-closeUp.png, id=45, 546
.04pt x 544.0325pt>
File: engineering/surface/coolingjacket-surface-colorMapping-closeUp.png Graphi
c file (type png)
<use engineering/surface/coolingjacket-surface-colorMapping-closeUp.png>
Package pdftex.def Info: engineering/surface/coolingjacket-surface-colorMapping
-closeUp.png  used on input line 540.
(pdftex.def)             Requested size: 114.2302pt x 113.81023pt.
<engineering/surface/coolingjacket-surface-isa.png, id=46, 513.92pt x 513.92pt>

File: engineering/surface/coolingjacket-surface-isa.png Graphic file (type png)

<use engineering/surface/coolingjacket-surface-isa.png>
Package pdftex.def Info: engineering/surface/coolingjacket-surface-isa.png  use
d on input line 551.
(pdftex.def)             Requested size: 113.80771pt x 113.80771pt.
<engineering/3D/cylinder_topo_3d.png, id=47, 343.78438pt x 172.645pt>
File: engineering/3D/cylinder_topo_3d.png Graphic file (type png)
<use engineering/3D/cylinder_topo_3d.png>
Package pdftex.def Info: engineering/3D/cylinder_topo_3d.png  used on input lin
e 562.
(pdftex.def)             Requested size: 184.9431pt x 92.87653pt.
<molecular-dynamics/2D/mdv.png, id=48, 379.4175pt x 383.4325pt>
File: molecular-dynamics/2D/mdv.png Graphic file (type png)
<use molecular-dynamics/2D/mdv.png>
Package pdftex.def Info: molecular-dynamics/2D/mdv.png  used on input line 571.

(pdftex.def)             Requested size: 112.61613pt x 113.80783pt.
<molecular-dynamics/3D/Zwan.2011.IMV-1.jpg, id=49, 803.0pt x 546.04pt>
File: molecular-dynamics/3D/Zwan.2011.IMV-1.jpg Graphic file (type jpg)
<use molecular-dynamics/3D/Zwan.2011.IMV-1.jpg>
Package pdftex.def Info: molecular-dynamics/3D/Zwan.2011.IMV-1.jpg  used on inp
ut line 581.
(pdftex.def)             Requested size: 167.36069pt x 113.80527pt.
<meteorology/humid71f.jpg, id=50, 821.0675pt x 752.8125pt>
File: meteorology/humid71f.jpg Graphic file (type jpg)
<use meteorology/humid71f.jpg>
Package pdftex.def Info: meteorology/humid71f.jpg  used on input line 591.
(pdftex.def)             Requested size: 124.11949pt x 113.8015pt.
<meteorology/opacity_based.jpg, id=51, 703.62875pt x 524.96124pt>
File: meteorology/opacity_based.jpg Graphic file (type jpg)
<use meteorology/opacity_based.jpg>
Package pdftex.def Info: meteorology/opacity_based.jpg  used on input line 603.

(pdftex.def)             Requested size: 152.54413pt x 113.80968pt.
<meteorology/meteorology2-handbook.jpg, id=52, 308.133pt x 259.515pt>
File: meteorology/meteorology2-handbook.jpg Graphic file (type jpg)
<use meteorology/meteorology2-handbook.jpg>
Package pdftex.def Info: meteorology/meteorology2-handbook.jpg  used on input l
ine 615.
(pdftex.def)             Requested size: 135.13226pt x 113.81075pt.
<meteorology/thunderstorm-smaller.png, id=53, 425.59pt x 252.44313pt>
File: meteorology/thunderstorm-smaller.png Graphic file (type png)
<use meteorology/thunderstorm-smaller.png>
Package pdftex.def Info: meteorology/thunderstorm-smaller.png  used on input li
ne 626.
(pdftex.def)             Requested size: 184.94182pt x 109.70016pt.
<astronomy/Bock18OpenSpace2.PNG, id=54, 595.47469pt x 339.51843pt>
File: astronomy/Bock18OpenSpace2.PNG Graphic file (type png)
<use astronomy/Bock18OpenSpace2.PNG>
Package pdftex.def Info: astronomy/Bock18OpenSpace2.PNG  used on input line 639
.
(pdftex.def)             Requested size: 184.9405pt x 105.44649pt.
<astronomy/Bock18OpenSpace4.PNG, id=55, 588.69937pt x 335.00156pt>
File: astronomy/Bock18OpenSpace4.PNG Graphic file (type png)
<use astronomy/Bock18OpenSpace4.PNG>
Package pdftex.def Info: astronomy/Bock18OpenSpace4.PNG  used on input line 650
.
(pdftex.def)             Requested size: 184.93823pt x 105.23979pt.
<astronomy/Interactive10Costa2.PNG, id=56, 782.925pt x 188.95593pt>
File: astronomy/Interactive10Costa2.PNG Graphic file (type png)
<use astronomy/Interactive10Costa2.PNG>
Package pdftex.def Info: astronomy/Interactive10Costa2.PNG  used on input line 
660.
(pdftex.def)             Requested size: 184.94312pt x 44.6353pt.
<uncertainty/uncertainty-vis2.png, id=57, 567.11874pt x 544.0325pt>
File: uncertainty/uncertainty-vis2.png Graphic file (type png)
<use uncertainty/uncertainty-vis2.png>
Package pdftex.def Info: uncertainty/uncertainty-vis2.png  used on input line 6
70.
(pdftex.def)             Requested size: 118.6398pt x 113.81023pt.
<uncertainty/uncertainty-vis1.png, id=58, 970.62625pt x 635.37375pt>
File: uncertainty/uncertainty-vis1.png Graphic file (type png)
<use uncertainty/uncertainty-vis1.png>
Package pdftex.def Info: uncertainty/uncertainty-vis1.png  used on input line 6
80.
(pdftex.def)             Requested size: 173.86098pt x 113.80972pt.
[1

{/usr/local/texlive/2022/texmf-var/fonts/map/pdftex/updmap/pdftex.map} <./color
-mapping/colormapping-surface-wallFilm.png (PNG copy)> <./color-mapping/color-m
ap-remove-legend.png> <./vector-glyphs/2D/glyph-2D-ring.png (PNG copy)>] [2 <./
vector-glyphs/surface/glyph-surface-intake-resampled.png (PNG copy)> <./vector-
glyphs/3D/glyphs-3D-slice.png (PNG copy)>] [3 <./vector-glyphs/3D/glyph-3D-resa
mpled.png (PNG copy)> <./vector-streamlines/2D/streamlines.png> <./vector-strea
mlines/3D/streamlines-3D-intakePort.png (PNG copy)>] [4 <./vector-streamlines/3
D/streamlines-3D-swirl.png (PNG copy)> <./vector-streamlines/2D/hurricane38.png
> <./vector-texture-based/2D/texture-2D-gulf-2.png (PNG copy)>] [5 <./vector-te
xture-based/surface/texture-surface-intake.png (PNG copy)> <./vector-texture-ba
sed/3D/texture-3D-wheel.png (PNG copy)>] [6 <./vector-texture-based/surface/bmw
.jpg> <./tensor/superquadrics.png> <./tensor/superquadrics-tensor.png>] [7 <./t
ensor/ellipsoid.png> <./scalar-isolines-isocontours/basic-contouring.png> <./sc
alar-isolines-isocontours/Contours-of-a-temperature-map.png>] [8 <./scalar-isol
ines-isocontours/isocontours.jpg> <./scalar-isosurface-rendering/isosurface5-vt
kbook.png> <./scalar-isosurface-rendering/lobster.png (PNG copy)>] [9 <./scalar
-isosurface-rendering/isosurface3-vtkbook.png> <./scalar-volume-rendering/volum
eRendering-surface-handbook.jpg> <./scalar-volume-rendering/texture-based-volre
n.png>] [10 <./scalar-volume-rendering/occlusion-vr.jpg> <./scalar-slicing-cutt
ing/colormapping-2D-wallFilm.png (PNG copy)> <./scalar-slicing-cutting/colormap
ping-2D-slice.png (PNG copy)>] [11 <./scalar-slicing-cutting/isosurfaces+slice.
jpg> <./grid-regular/2D/rectilinear.png> <./grid-regular/2D/anisotropic-rectili
near.png>] [12 <./grid-regular/2D/rect-image.png> <./grid-regular/2D/structured
-circle.png> <./grid-curvilinear/2D/curvilinear.png>] [13 <./grid-curvilinear/3
D/curvilinear.png> <./grid-unstructured/2D/unstructured.png> <./grid-curvilinea
r/3D/mesh-surface-unstructured-smaller.png>] [14 <./medical/3D/a_depth.png (PNG
 copy)> <./medical/surface/application-medical-wrist-surface-mip.png (PNG copy)
> <./medical/3D/3D_ColorMapping.png>] [15 <./medical/3D/application-medical-wri
st-3D-xray.png (PNG copy)> <./medical/3D/hadwiger-007.png (PNG copy)> <./medica
l/3D/application-medical-heart.png (PNG copy)>] [16 <./engineering/surface/cool
ingjacket-surface-colorMapping-closeUp.png (PNG copy)> <./engineering/surface/c
oolingjacket-surface-isa.png (PNG copy)> <./engineering/3D/cylinder_topo_3d.png
>] [17 <./molecular-dynamics/2D/mdv.png> <./molecular-dynamics/3D/Zwan.2011.IMV
-1.jpg> <./meteorology/humid71f.jpg>] [18 <./meteorology/opacity_based.jpg> <./
meteorology/meteorology2-handbook.jpg> <./meteorology/thunderstorm-smaller.png>
] [19 <./astronomy/Bock18OpenSpace2.PNG> <./astronomy/Bock18OpenSpace4.PNG> <./
astronomy/Interactive10Costa2.PNG> <./uncertainty/uncertainty-vis2.png>] [20 <.
/uncertainty/uncertainty-vis1.png>] (./question-bank.aux) ) 
Here is how much of TeX's memory you used:
 2833 strings out of 478268
 56846 string characters out of 5846347
 463047 words of memory out of 5000000
 20976 multiletter control sequences out of 15000+600000
 469864 words of font info for 30 fonts, out of 8000000 for 9000
 1141 hyphenation exceptions out of 8191
 55i,10n,62p,317b,288s stack positions out of 10000i,1000n,20000p,200000b,200000s
</usr/local/texlive/
2022/texmf-dist/fonts/type1/public/amsfonts/cm/cmbx12.pfb></usr/local/texlive/2
022/texmf-dist/fonts/type1/public/amsfonts/cm/cmr12.pfb>
Output written on question-bank.pdf (20 pages, 16158499 bytes).
PDF statistics:
 163 PDF objects out of 1000 (max. 8388607)
 53 compressed objects within 1 object stream
 0 named destinations out of 1000 (max. 500000)
 286 words of extra memory for PDF output out of 10000 (max. 10000000)

